<?xml version="1.0" encoding="UTF-8"?>
<!-- Generated by org.testng.reporters.JUnitReportReporter -->
<testsuite hostname="PT-PTL-014" failures="0" tests="2" name="qaclickAcademy.AppiumTest" time="0.009" errors="0" timestamp="2020-12-15T10:08:24 IST" skipped="0">
  <testcase classname="qaclickAcademy.AppiumTest" name="iOSApp" time="0.000"/>
  <system-out/>
  <testcase classname="qaclickAcademy.AppiumTest" name="NativeAppAndroid" time="0.009"/>
  <system-out/>
</testsuite> <!-- qaclickAcademy.AppiumTest -->
