<?xml version="1.0" encoding="UTF-8"?>
<!-- Generated by org.testng.reporters.JUnitReportReporter -->
<testsuite hostname="PT-PTL-014" failures="0" tests="2" name="qaclickAcademy.RestAPITest" time="0.000" errors="0" timestamp="2020-12-15T10:08:24 IST" skipped="0">
  <testcase classname="qaclickAcademy.RestAPITest" name="deleteTwitter" time="0.000"/>
  <system-out/>
  <testcase classname="qaclickAcademy.RestAPITest" name="postJira" time="0.000"/>
  <system-out/>
</testsuite> <!-- qaclickAcademy.RestAPITest -->
